accelerometer/app/build/intermediates/manifest_merge_blame_file/debug/manifest-merger-blame-debug-report.txt
1<?xml version="1.0" encoding="utf-8"?>
2<manifest xmlns:android="http://schemas.android.com/apk/res/android"
3    package="com.example.accelerometer"
4    android:versionCode="1"
5    android:versionName="1.0" > <!-- uses-feature android:name="android.hardware.sensor.accelerometer"></uses-feature -->
6    <uses-sdk
7        android:minSdkVersion="15"
7-->src/main/AndroidManifest.xml
8        android:targetSdkVersion="30" />
8-->src/main/AndroidManifest.xml
9
10    <uses-permission android:name="android.permission.WAKE_LOCK" />
10-->src/main/AndroidManifest.xml:19:5-67
10-->src/main/AndroidManifest.xml:19:22-65
11
12    <application
12-->src/main/AndroidManifest.xml:5:5-18:19
13        android:allowBackup="true"
13-->src/main/AndroidManifest.xml:6:9-35
14        android:appComponentFactory="androidx.core.app.CoreComponentFactory"
14-->[androidx.core:core:1.3.1] AndroidManifest.xml:24:18-86
15        android:debuggable="true"
16        android:icon="@mipmap/ic_launcher"
16-->src/main/AndroidManifest.xml:7:9-43
17        android:label="@string/app_name"
17-->src/main/AndroidManifest.xml:8:9-41
18        android:testOnly="true"
19        android:theme="@style/AppTheme" >
19-->src/main/AndroidManifest.xml:9:9-40
20        <activity
20-->src/main/AndroidManifest.xml:10:9-17:20
21            android:name="com.example.accelerometer.MainActivity"
21-->src/main/AndroidManifest.xml:10:19-47
22            android:label="@string/app_name" >
22-->src/main/AndroidManifest.xml:11:13-45
23            <intent-filter>
23-->src/main/AndroidManifest.xml:12:13-16:29
24                <action android:name="android.intent.action.MAIN" />
24-->src/main/AndroidManifest.xml:13:17-69
24-->src/main/AndroidManifest.xml:13:25-66
25
26                <category android:name="android.intent.category.LAUNCHER" />
26-->src/main/AndroidManifest.xml:15:17-77
26-->src/main/AndroidManifest.xml:15:27-74
27            </intent-filter>
28        </activity>
29    </application>
30
31</manifest>